===== Docker Build for n8n & Runners =====
INFO: n8n Image: misnexusprd.corp.amdocs.com/n8n-hosted/n8n:2.10.4
INFO: Runners Image: misnexusprd.corp.amdocs.com/n8n-hosted/runners:2.10.4
INFO: Platform: linux/amd64
-----------------------------------------------
(node:36331) Warning: The 'NO_COLOR' env is ignored due to the 'FORCE_COLOR' env being set.
(Use `node --trace-warnings ...` to show where the warning was created)
INFO: Building n8n Docker image using docker...
INFO: Registry detected - pushing directly to misnexusprd.corp.amdocs.com/n8n-hosted/n8n:2.10.4
INFO: Forwarding proxy settings into build
#0 building with "desktop-linux" instance using docker driver

#1 [internal] load build definition from Dockerfile
#1 transferring dockerfile: 988B done
#1 DONE 0.0s

#2 [internal] load metadata for docker.io/n8nio/base:24.13.1
#2 ...

#3 [auth] n8nio/base:pull token for registry-1.docker.io
#3 DONE 0.0s

#2 [internal] load metadata for docker.io/n8nio/base:24.13.1
#2 DONE 2.3s

#4 [internal] load .dockerignore
#4 transferring context: 1.05kB 0.1s done
#4 DONE 0.1s

#5 [internal] load build context
#5 DONE 0.0s

#6 [1/5] FROM docker.io/n8nio/base:24.13.1@sha256:cb1d285bb0cb651b2024f0efc8b1cd8705a56744980ab47b2c7866118ed77ee3
#6 resolve docker.io/n8nio/base:24.13.1@sha256:cb1d285bb0cb651b2024f0efc8b1cd8705a56744980ab47b2c7866118ed77ee3 0.0s done
#6 DONE 0.0s

#5 [internal] load build context
#5 transferring context: 8.32MB 5.1s
#5 transferring context: 19.22MB 10.1s
#5 transferring context: 29.07MB 15.2s
#5 transferring context: 45.73MB 20.2s
#5 transferring context: 61.58MB 25.3s
#5 transferring context: 72.07MB 30.4s
#5 transferring context: 84.85MB 35.5s
#5 transferring context: 100.02MB 40.5s
#5 transferring context: 135.36MB 45.6s
#5 transferring context: 153.01MB 50.6s
#5 transferring context: 161.79MB 55.6s
#5 transferring context: 173.97MB 60.6s
#5 transferring context: 192.67MB 65.7s
#5 transferring context: 207.18MB 70.7s
#5 transferring context: 224.36MB 75.7s
#5 transferring context: 247.71MB 80.9s
#5 transferring context: 256.48MB 85.9s
#5 transferring context: 272.80MB 91.0s
#5 transferring context: 282.81MB 96.2s
#5 transferring context: 310.39MB 101.2s
#5 transferring context: 327.04MB 106.3s
#5 transferring context: 342.21MB 111.4s
#5 transferring context: 354.00MB 116.4s
#5 transferring context: 376.60MB 121.5s
#5 transferring context: 403.87MB 126.5s
#5 transferring context: 411.88MB 131.6s
#5 transferring context: 415.15MB 136.7s
#5 transferring context: 422.99MB 141.7s
#5 transferring context: 432.50MB 146.8s
#5 transferring context: 447.10MB 152.0s
#5 transferring context: 474.69MB 157.0s
#5 transferring context: 488.67MB 162.1s
#5 transferring context: 508.32MB 167.2s
#5 transferring context: 554.90MB 172.3s
#5 transferring context: 577.60MB 177.4s
#5 transferring context: 583.33MB 182.4s
#5 transferring context: 589.95MB 187.6s
#5 transferring context: 598.64MB 192.6s
#5 transferring context: 607.46MB 197.6s
#5 transferring context: 620.52MB 202.7s
#5 transferring context: 631.26MB 207.7s
#5 transferring context: 653.34MB 212.7s
#5 transferring context: 673.14MB 217.8s
#5 transferring context: 760.16MB 222.9s
#5 transferring context: 782.03MB 228.0s
#5 transferring context: 830.45MB 233.1s
#5 transferring context: 864.71MB 238.2s
#5 transferring context: 869.03MB 240.5s done
#5 DONE 241.1s

#7 [4/5] COPY docker/images/n8n/docker-entrypoint.sh /
#7 CACHED

#8 [2/5] WORKDIR /home/node
#8 CACHED

#9 [3/5] COPY ./compiled /usr/local/lib/node_modules/n8n
#9 CACHED

#10 [5/5] RUN cd /usr/local/lib/node_modules/n8n &&     npm rebuild sqlite3 &&     ln -s /usr/local/lib/node_modules/n8n/bin/n8n /usr/local/bin/n8n &&     mkdir -p /home/node/.n8n &&     chown -R node:node /home/node &&     rm -rf /root/.npm /tmp/*
#10 CACHED

#11 exporting to image
#11 exporting layers 0.0s done
#11 exporting manifest sha256:721befc3ec00d916cb25b1647e1af5db48f4d409cbabdc686a6d6c424ea91d03 0.1s done
#11 exporting config sha256:410dad6db484149b975328c54be5104659986179b2bbb1121f8950d267e4da57
#11 exporting config sha256:410dad6db484149b975328c54be5104659986179b2bbb1121f8950d267e4da57 done
#11 naming to misnexusprd.corp.amdocs.com/n8n-hosted/n8n:2.10.4 done
#11 pushing layers
#11 ...

#12 [auth] sharing credentials for misnexusprd.corp.amdocs.com
#12 DONE 0.0s

#11 exporting to image
#11 pushing layers 1.4s done
#11 pushing manifest for misnexusprd.corp.amdocs.com/n8n-hosted/n8n:2.10.4@sha256:721befc3ec00d916cb25b1647e1af5db48f4d409cbabdc686a6d6c424ea91d03
#11 pushing manifest for misnexusprd.corp.amdocs.com/n8n-hosted/n8n:2.10.4@sha256:721befc3ec00d916cb25b1647e1af5db48f4d409cbabdc686a6d6c424ea91d03 0.1s done
#11 DONE 1.7s

INFO: Building runners Docker image using docker...
INFO: Registry detected - pushing directly to misnexusprd.corp.amdocs.com/n8n-hosted/runners:2.10.4
INFO: Forwarding proxy settings into build
#0 building with "desktop-linux" instance using docker driver

#1 [internal] load build definition from Dockerfile
#1 transferring dockerfile: 7.03kB done
#1 DONE 0.0s

#2 [auth] library/python:pull token for registry-1.docker.io
#2 DONE 0.0s

#3 [auth] library/node:pull token for registry-1.docker.io
#3 DONE 0.0s

#4 [auth] library/alpine:pull token for registry-1.docker.io
#4 DONE 0.0s

#5 [internal] load metadata for docker.io/library/python:3.13-alpine
#5 ...

#6 [internal] load metadata for docker.io/library/alpine:3.22
#6 DONE 1.1s

#5 [internal] load metadata for docker.io/library/python:3.13-alpine
#5 DONE 1.1s

#7 [internal] load metadata for docker.io/library/node:24.13.1-alpine
#7 DONE 1.1s

#8 [internal] load .dockerignore
#8 transferring context: 1.05kB done
#8 DONE 0.0s

#9 [launcher-downloader 1/2] FROM docker.io/library/alpine:3.22@sha256:55ae5d250caebc548793f321534bc6a8ef1d116f334f18f4ada1b2daad3251b2
#9 resolve docker.io/library/alpine:3.22@sha256:55ae5d250caebc548793f321534bc6a8ef1d116f334f18f4ada1b2daad3251b2 0.0s done
#9 DONE 0.0s

#10 [python-runner-builder 1/9] FROM docker.io/library/python:3.13-alpine@sha256:bb1f2fdb1065c85468775c9d680dcd344f6442a2d1181ef7916b60a623f11d40
#10 resolve docker.io/library/python:3.13-alpine@sha256:bb1f2fdb1065c85468775c9d680dcd344f6442a2d1181ef7916b60a623f11d40 0.0s done
#10 DONE 0.0s

#11 [javascript-runner-builder 1/6] FROM docker.io/library/node:24.13.1-alpine@sha256:4f696fbf39f383c1e486030ba6b289a5d9af541642fc78ab197e584a113b9c03
#11 resolve docker.io/library/node:24.13.1-alpine@sha256:4f696fbf39f383c1e486030ba6b289a5d9af541642fc78ab197e584a113b9c03 0.0s done
#11 DONE 0.0s

#12 [internal] load build context
#12 transferring context: 12.65MB 5.1s
#12 transferring context: 21.88MB 10.2s
#12 transferring context: 31.10MB 15.2s
#12 transferring context: 53.93MB 20.3s
#12 transferring context: 68.44MB 25.4s
#12 transferring context: 94.03MB 30.5s
#12 transferring context: 108.26MB 35.5s
#12 transferring context: 121.10MB 38.3s done
#12 DONE 38.4s

#13 [runtime  4/12] RUN apk add --no-cache ca-certificates tini libstdc++ libc6-compat &&     apk del apk-tools
#13 CACHED

#14 [runtime 11/12] COPY --from=launcher-downloader /launcher-bin/* /usr/local/bin/
#14 CACHED

#15 [javascript-runner-builder 6/6] RUN rm -f node_modules/.modules.yaml &&     pnpm add moment@2.30.1 --prod --no-lockfile
#15 CACHED

#16 [python-runner-builder 4/9] COPY packages/@n8n/task-runner-python/pyproject.toml      packages/@n8n/task-runner-python/uv.lock**      packages/@n8n/task-runner-python/.python-version**      ./
#16 CACHED

#17 [python-runner-builder 5/9] RUN uv venv
#17 CACHED

#18 [python-runner-builder 8/9] RUN uv sync       --frozen 			--no-dev 			--all-extras       --no-editable
#18 CACHED

#19 [runtime  7/12] RUN addgroup -g 1000 -S runner  && adduser  -u 1000 -S -G runner -h /home/runner -D runner
#19 CACHED

#20 [python-runner-builder 7/9] COPY packages/@n8n/task-runner-python/ ./
#20 CACHED

#21 [launcher-downloader 2/2] RUN apk add --no-cache curl &&     set -e;     case "linux/amd64" in         "linux/amd64") ARCH_NAME="amd64" ;;         "linux/arm64") ARCH_NAME="arm64" ;;         *) echo "Unsupported platform: linux/amd64" && exit 1 ;;     esac;     mkdir /launcher-temp && cd /launcher-temp;     curl -fsSL -o "task-runner-launcher-1.4.3-linux-${ARCH_NAME}.tar.gz" "https://github.com/n8n-io/task-runner-launcher/releases/download/1.4.3/task-runner-launcher-1.4.3-linux-${ARCH_NAME}.tar.gz";     curl -fsSL -o "task-runner-launcher-1.4.3-linux-${ARCH_NAME}.tar.gz.sha256" "https://github.com/n8n-io/task-runner-launcher/releases/download/1.4.3/task-runner-launcher-1.4.3-linux-${ARCH_NAME}.tar.gz.sha256";     echo "$(cat task-runner-launcher-1.4.3-linux-${ARCH_NAME}.tar.gz.sha256) task-runner-launcher-1.4.3-linux-${ARCH_NAME}.tar.gz" > checksum.sha256;     sha256sum -c checksum.sha256;     mkdir -p /launcher-bin;     tar xzf task-runner-launcher-1.4.3-linux-${ARCH_NAME}.tar.gz -C /launcher-bin;     cd / && rm -rf /launcher-temp
#21 CACHED

#22 [runtime  8/12] WORKDIR /home/runner
#22 CACHED

#23 [python-runner-builder 3/9] WORKDIR /app/task-runner-python
#23 CACHED

#24 [python-runner-builder 9/9] RUN uv pip install . && rm -rf /app/task-runner-python/src
#24 CACHED

#25 [runtime  2/12] COPY --from=python-runner-builder /usr/local/bin/uv /usr/local/bin/uv
#25 CACHED

#26 [runtime  3/12] COPY --from=node-alpine /usr/local/bin/node /usr/local/bin/node
#26 CACHED

#27 [javascript-runner-builder 4/6] RUN corepack enable pnpm
#27 CACHED

#28 [runtime 10/12] COPY --from=python-runner-builder --chown=root:root /app/task-runner-python /opt/runners/task-runner-python
#28 CACHED

#29 [python-runner-builder 2/9] RUN apk add --no-cache curl &&   set -e;   case "linux/amd64" in     "linux/amd64") UV_ARCH="x86_64-unknown-linux-musl" ;;     "linux/arm64") UV_ARCH="aarch64-unknown-linux-musl" ;;     *) echo "Unsupported platform: linux/amd64" >&2; exit 1 ;;   esac;   mkdir -p /tmp/uv && cd /tmp/uv;   curl -fsSL -o "uv-${UV_ARCH}.tar.gz" "https://github.com/astral-sh/uv/releases/download/0.8.14/uv-${UV_ARCH}.tar.gz";   curl -fsSL -o "uv-${UV_ARCH}.tar.gz.sha256" "https://github.com/astral-sh/uv/releases/download/0.8.14/uv-${UV_ARCH}.tar.gz.sha256";   sha256sum -c "uv-${UV_ARCH}.tar.gz.sha256"; 	tar -xzf "uv-${UV_ARCH}.tar.gz";   install -m 0755 "uv-${UV_ARCH}/uv" /usr/local/bin/uv;   cd / && rm -rf /tmp/uv
#29 CACHED

#30 [runtime  5/12] COPY --from=node-alpine /usr/local/lib/node_modules/corepack /usr/local/lib/node_modules/corepack
#30 CACHED

#31 [javascript-runner-builder 5/6] RUN node -e "const pkg = require('./package.json');     Object.keys(pkg.dependencies || {}).forEach(k => {         const val = pkg.dependencies[k];         if (val === 'catalog:' || val.startsWith('catalog:') || val.startsWith('workspace:'))             delete pkg.dependencies[k];     });     Object.keys(pkg.devDependencies || {}).forEach(k => {         const val = pkg.devDependencies[k];         if (val === 'catalog:' || val.startsWith('catalog:') || val.startsWith('workspace:'))             delete pkg.devDependencies[k];     });     delete pkg.devDependencies;     require('fs').writeFileSync('./package.json', JSON.stringify(pkg, null, 2));"
#31 CACHED

#32 [javascript-runner-builder 3/6] WORKDIR /app/task-runner-javascript
#32 CACHED

#33 [runtime  6/12] RUN ln -s ../lib/node_modules/corepack/dist/corepack.js /usr/local/bin/corepack && 		ln -s ../lib/node_modules/corepack/dist/pnpm.js /usr/local/bin/pnpm
#33 CACHED

#34 [runtime  9/12] COPY --from=javascript-runner-builder --chown=root:root /app/task-runner-javascript /opt/runners/task-runner-javascript
#34 CACHED

#35 [python-runner-builder 6/9] RUN uv sync 			--frozen 			--no-editable 			--no-install-project 			--no-dev 			--all-extras
#35 CACHED

#36 [javascript-runner-builder 2/6] COPY ./dist/task-runner-javascript /app/task-runner-javascript
#36 CACHED

#37 [runtime 12/12] COPY --chown=root:root docker/images/runners/n8n-task-runners.json /etc/n8n-task-runners.json
#37 CACHED

#38 exporting to image
#38 exporting layers done
#38 exporting manifest sha256:a6c0eadd2d33edda5e83b3df50db2dca8f84dc9690b875339e841b5f1bab24db 0.1s done
#38 exporting config sha256:9d7d695f40e590418978887ade1b8a01f6ff5d3380c893a47ccaeaf6f3722ae2
#38 exporting config sha256:9d7d695f40e590418978887ade1b8a01f6ff5d3380c893a47ccaeaf6f3722ae2 0.0s done
#38 naming to misnexusprd.corp.amdocs.com/n8n-hosted/runners:2.10.4 0.0s done
#38 pushing layers
#38 ...

#39 [auth] sharing credentials for misnexusprd.corp.amdocs.com
#39 DONE 0.0s

#38 exporting to image
#38 pushing layers 1.4s done
#38 pushing manifest for misnexusprd.corp.amdocs.com/n8n-hosted/runners:2.10.4@sha256:a6c0eadd2d33edda5e83b3df50db2dca8f84dc9690b875339e841b5f1bab24db
#38 pushing manifest for misnexusprd.corp.amdocs.com/n8n-hosted/runners:2.10.4@sha256:a6c0eadd2d33edda5e83b3df50db2dca8f84dc9690b875339e841b5f1bab24db 0.1s done
#38 DONE 1.6s


══════════════════════════════════════════════════════
           DOCKER BUILD COMPLETE
══════════════════════════════════════════════════════
✅ Image built: misnexusprd.corp.amdocs.com/n8n-hosted/n8n:2.10.4
   Platform: linux/amd64
   Size: 253MB
   Build time: 246s

✅ Image built: misnexusprd.corp.amdocs.com/n8n-hosted/runners:2.10.4
   Platform: linux/amd64
   Size: 120MB
   Build time: 41s

══════════════════════════════════════════════════════
