===== Docker Build for n8n & Runners =====
INFO: n8n Image: misnexusprd.corp.amdocs.com/n8n-hosted/n8n:2.10.4
INFO: Runners Image: misnexusprd.corp.amdocs.com/n8n-hosted/runners:2.10.4
INFO: Platform: linux/amd64
-----------------------------------------------
(node:4231) Warning: The 'NO_COLOR' env is ignored due to the 'FORCE_COLOR' env being set.
(Use `node --trace-warnings ...` to show where the warning was created)
INFO: Building n8n Docker image using docker...
INFO: Registry detected - pushing directly to misnexusprd.corp.amdocs.com/n8n-hosted/n8n:2.10.4
INFO: Forwarding proxy settings into build
#0 building with "desktop-linux" instance using docker driver

#1 [internal] load build definition from Dockerfile
#1 transferring dockerfile: 1.17kB done
#1 DONE 0.0s

#2 [internal] load metadata for docker.io/n8nio/base:24.13.1
#2 ...

#3 [auth] n8nio/base:pull token for registry-1.docker.io
#3 DONE 0.0s

#2 [internal] load metadata for docker.io/n8nio/base:24.13.1
#2 DONE 1.2s

#4 [internal] load .dockerignore
#4 transferring context: 1.05kB 0.0s done
#4 DONE 0.0s

#5 [base 1/1] FROM docker.io/n8nio/base:24.13.1@sha256:cb1d285bb0cb651b2024f0efc8b1cd8705a56744980ab47b2c7866118ed77ee3
#5 resolve docker.io/n8nio/base:24.13.1@sha256:cb1d285bb0cb651b2024f0efc8b1cd8705a56744980ab47b2c7866118ed77ee3 done
#5 CACHED

#6 [internal] load build context
#6 ...

#7 [stage-1 1/5] COPY --from=base / /
#7 DONE 1.1s

#6 [internal] load build context
#6 ...

#8 [stage-1 2/5] WORKDIR /home/node
#8 DONE 0.4s

#6 [internal] load build context
#6 transferring context: 5.82MB 5.0s
#6 transferring context: 16.10MB 10.0s
#6 transferring context: 26.15MB 15.1s
#6 transferring context: 34.78MB 20.1s
#6 transferring context: 50.57MB 25.1s
#6 transferring context: 65.99MB 30.2s
#6 transferring context: 74.94MB 35.3s
#6 transferring context: 86.61MB 40.3s
#6 transferring context: 111.39MB 45.3s
#6 transferring context: 140.49MB 50.4s
#6 transferring context: 157.22MB 55.4s
#6 transferring context: 165.71MB 60.5s
#6 transferring context: 178.94MB 65.5s
#6 transferring context: 194.06MB 70.6s
#6 transferring context: 210.23MB 75.7s
#6 transferring context: 222.49MB 80.8s
#6 transferring context: 242.28MB 85.8s
#6 transferring context: 251.63MB 91.0s
#6 transferring context: 263.98MB 96.1s
#6 transferring context: 275.58MB 101.2s
#6 transferring context: 283.92MB 106.2s
#6 transferring context: 307.48MB 111.3s
#6 transferring context: 323.85MB 116.4s
#6 transferring context: 331.78MB 121.5s
#6 transferring context: 343.54MB 126.6s
#6 transferring context: 354.66MB 131.7s
#6 transferring context: 365.64MB 136.8s
#6 transferring context: 395.66MB 141.8s
#6 transferring context: 406.58MB 147.0s
#6 transferring context: 413.43MB 152.1s
#6 transferring context: 418.17MB 157.1s
#6 transferring context: 429.10MB 162.2s
#6 transferring context: 441.72MB 167.3s
#6 transferring context: 454.18MB 172.4s
#6 transferring context: 475.39MB 177.4s
#6 transferring context: 488.44MB 182.4s
#6 transferring context: 508.37MB 187.5s
#6 transferring context: 550.94MB 192.5s
#6 transferring context: 576.69MB 197.5s
#6 transferring context: 582.07MB 202.6s
#6 transferring context: 588.01MB 207.6s
#6 transferring context: 595.52MB 212.7s
#6 transferring context: 609.14MB 217.7s
#6 transferring context: 621.45MB 222.7s
#6 transferring context: 633.76MB 227.8s
#6 transferring context: 657.80MB 232.8s
#6 transferring context: 722.22MB 237.9s
#6 transferring context: 768.27MB 243.0s
#6 transferring context: 804.85MB 248.1s
#6 transferring context: 840.94MB 253.2s
#6 transferring context: 869.03MB 257.5s done
#6 DONE 258.0s

#9 [stage-1 3/5] COPY ./compiled /usr/local/lib/node_modules/n8n
#9 DONE 13.1s

#10 [stage-1 4/5] COPY docker/images/n8n/docker-entrypoint.sh /
#10 DONE 0.7s

#11 [stage-1 5/5] RUN cd /usr/local/lib/node_modules/n8n &&     npm rebuild sqlite3 &&     ln -s /usr/local/lib/node_modules/n8n/bin/n8n /usr/local/bin/n8n &&     mkdir -p /home/node/.n8n &&     chown -R node:node /home/node &&     rm -rf /root/.npm /tmp/*
#11 12.71 rebuilt dependencies successfully
#11 12.71 npm notice
#11 12.71 npm notice New minor version of npm available! 11.10.1 -> 11.11.0
#11 12.71 npm notice Changelog: https://github.com/npm/cli/releases/tag/v11.11.0
#11 12.71 npm notice To update run: npm install -g npm@11.11.0
#11 12.71 npm notice
#11 DONE 12.8s

#12 exporting to image
#12 exporting layers
#12 exporting layers 35.6s done
#12 exporting manifest sha256:966ba1e5f42f7cae360480d08088d5e173dc03ec5f34271b5e77c7bf17e20482
#12 exporting manifest sha256:966ba1e5f42f7cae360480d08088d5e173dc03ec5f34271b5e77c7bf17e20482 done
#12 exporting config sha256:7a16caf145fb633142de0c520d4695a8caefcbaf380edaf7dff406a7c3c8741f done
#12 naming to misnexusprd.corp.amdocs.com/n8n-hosted/n8n:2.10.4 done
#12 pushing layers
#12 ...

#13 [auth] sharing credentials for misnexusprd.corp.amdocs.com
#13 DONE 0.0s

#12 exporting to image
#12 pushing layers 25.5s done
#12 pushing manifest for misnexusprd.corp.amdocs.com/n8n-hosted/n8n:2.10.4@sha256:966ba1e5f42f7cae360480d08088d5e173dc03ec5f34271b5e77c7bf17e20482
#12 pushing manifest for misnexusprd.corp.amdocs.com/n8n-hosted/n8n:2.10.4@sha256:966ba1e5f42f7cae360480d08088d5e173dc03ec5f34271b5e77c7bf17e20482 0.1s done
#12 DONE 61.2s

INFO: Building runners Docker image using docker...
INFO: Registry detected - pushing directly to misnexusprd.corp.amdocs.com/n8n-hosted/runners:2.10.4
INFO: Forwarding proxy settings into build
#0 building with "desktop-linux" instance using docker driver

#1 [internal] load build definition from Dockerfile
#1 transferring dockerfile: 7.03kB 0.0s done
#1 DONE 0.0s

#2 [internal] load metadata for docker.io/library/alpine:3.22
#2 ...

#3 [auth] library/node:pull token for registry-1.docker.io
#3 DONE 0.0s

#4 [auth] library/alpine:pull token for registry-1.docker.io
#4 DONE 0.0s

#5 [auth] library/python:pull token for registry-1.docker.io
#5 DONE 0.0s

#6 [internal] load metadata for docker.io/library/node:24.13.1-alpine
#6 DONE 1.2s

#7 [internal] load metadata for docker.io/library/python:3.13-alpine
#7 DONE 1.2s

#2 [internal] load metadata for docker.io/library/alpine:3.22
#2 DONE 1.2s

#8 [internal] load .dockerignore
#8 transferring context: 1.05kB done
#8 DONE 0.0s

#9 [launcher-downloader 1/2] FROM docker.io/library/alpine:3.22@sha256:55ae5d250caebc548793f321534bc6a8ef1d116f334f18f4ada1b2daad3251b2
#9 resolve docker.io/library/alpine:3.22@sha256:55ae5d250caebc548793f321534bc6a8ef1d116f334f18f4ada1b2daad3251b2 0.0s done
#9 DONE 0.0s

#10 [python-runner-builder 1/9] FROM docker.io/library/python:3.13-alpine@sha256:bb1f2fdb1065c85468775c9d680dcd344f6442a2d1181ef7916b60a623f11d40
#10 resolve docker.io/library/python:3.13-alpine@sha256:bb1f2fdb1065c85468775c9d680dcd344f6442a2d1181ef7916b60a623f11d40 0.0s done
#10 DONE 0.0s

#11 [javascript-runner-builder 1/6] FROM docker.io/library/node:24.13.1-alpine@sha256:4f696fbf39f383c1e486030ba6b289a5d9af541642fc78ab197e584a113b9c03
#11 resolve docker.io/library/node:24.13.1-alpine@sha256:4f696fbf39f383c1e486030ba6b289a5d9af541642fc78ab197e584a113b9c03 0.0s done
#11 DONE 0.0s

#12 [internal] load build context
#12 transferring context: 4.36MB 2.8s done
#12 DONE 3.0s

#13 [python-runner-builder 9/9] RUN uv pip install . && rm -rf /app/task-runner-python/src
#13 CACHED

#14 [launcher-downloader 2/2] RUN apk add --no-cache curl &&     set -e;     case "linux/amd64" in         "linux/amd64") ARCH_NAME="amd64" ;;         "linux/arm64") ARCH_NAME="arm64" ;;         *) echo "Unsupported platform: linux/amd64" && exit 1 ;;     esac;     mkdir /launcher-temp && cd /launcher-temp;     curl -fsSL -o "task-runner-launcher-1.4.3-linux-${ARCH_NAME}.tar.gz" "https://github.com/n8n-io/task-runner-launcher/releases/download/1.4.3/task-runner-launcher-1.4.3-linux-${ARCH_NAME}.tar.gz";     curl -fsSL -o "task-runner-launcher-1.4.3-linux-${ARCH_NAME}.tar.gz.sha256" "https://github.com/n8n-io/task-runner-launcher/releases/download/1.4.3/task-runner-launcher-1.4.3-linux-${ARCH_NAME}.tar.gz.sha256";     echo "$(cat task-runner-launcher-1.4.3-linux-${ARCH_NAME}.tar.gz.sha256) task-runner-launcher-1.4.3-linux-${ARCH_NAME}.tar.gz" > checksum.sha256;     sha256sum -c checksum.sha256;     mkdir -p /launcher-bin;     tar xzf task-runner-launcher-1.4.3-linux-${ARCH_NAME}.tar.gz -C /launcher-bin;     cd / && rm -rf /launcher-temp
#14 CACHED

#15 [python-runner-builder 7/9] COPY packages/@n8n/task-runner-python/ ./
#15 CACHED

#16 [runtime  4/12] RUN apk add --no-cache ca-certificates tini libstdc++ libc6-compat &&     apk del apk-tools
#16 CACHED

#17 [python-runner-builder 3/9] WORKDIR /app/task-runner-python
#17 CACHED

#18 [python-runner-builder 8/9] RUN uv sync       --frozen 			--no-dev 			--all-extras       --no-editable
#18 CACHED

#19 [javascript-runner-builder 5/6] RUN node -e "const pkg = require('./package.json');     Object.keys(pkg.dependencies || {}).forEach(k => {         const val = pkg.dependencies[k];         if (val === 'catalog:' || val.startsWith('catalog:') || val.startsWith('workspace:'))             delete pkg.dependencies[k];     });     Object.keys(pkg.devDependencies || {}).forEach(k => {         const val = pkg.devDependencies[k];         if (val === 'catalog:' || val.startsWith('catalog:') || val.startsWith('workspace:'))             delete pkg.devDependencies[k];     });     delete pkg.devDependencies;     require('fs').writeFileSync('./package.json', JSON.stringify(pkg, null, 2));"
#19 CACHED

#20 [runtime 11/12] COPY --from=launcher-downloader /launcher-bin/* /usr/local/bin/
#20 CACHED

#21 [runtime  5/12] COPY --from=node-alpine /usr/local/lib/node_modules/corepack /usr/local/lib/node_modules/corepack
#21 CACHED

#22 [javascript-runner-builder 3/6] WORKDIR /app/task-runner-javascript
#22 CACHED

#23 [runtime 10/12] COPY --from=python-runner-builder --chown=root:root /app/task-runner-python /opt/runners/task-runner-python
#23 CACHED

#24 [python-runner-builder 2/9] RUN apk add --no-cache curl &&   set -e;   case "linux/amd64" in     "linux/amd64") UV_ARCH="x86_64-unknown-linux-musl" ;;     "linux/arm64") UV_ARCH="aarch64-unknown-linux-musl" ;;     *) echo "Unsupported platform: linux/amd64" >&2; exit 1 ;;   esac;   mkdir -p /tmp/uv && cd /tmp/uv;   curl -fsSL -o "uv-${UV_ARCH}.tar.gz" "https://github.com/astral-sh/uv/releases/download/0.8.14/uv-${UV_ARCH}.tar.gz";   curl -fsSL -o "uv-${UV_ARCH}.tar.gz.sha256" "https://github.com/astral-sh/uv/releases/download/0.8.14/uv-${UV_ARCH}.tar.gz.sha256";   sha256sum -c "uv-${UV_ARCH}.tar.gz.sha256"; 	tar -xzf "uv-${UV_ARCH}.tar.gz";   install -m 0755 "uv-${UV_ARCH}/uv" /usr/local/bin/uv;   cd / && rm -rf /tmp/uv
#24 CACHED

#25 [runtime  3/12] COPY --from=node-alpine /usr/local/bin/node /usr/local/bin/node
#25 CACHED

#26 [runtime  6/12] RUN ln -s ../lib/node_modules/corepack/dist/corepack.js /usr/local/bin/corepack && 		ln -s ../lib/node_modules/corepack/dist/pnpm.js /usr/local/bin/pnpm
#26 CACHED

#27 [runtime  7/12] RUN addgroup -g 1000 -S runner  && adduser  -u 1000 -S -G runner -h /home/runner -D runner
#27 CACHED

#28 [javascript-runner-builder 2/6] COPY ./dist/task-runner-javascript /app/task-runner-javascript
#28 CACHED

#29 [runtime  2/12] COPY --from=python-runner-builder /usr/local/bin/uv /usr/local/bin/uv
#29 CACHED

#30 [javascript-runner-builder 4/6] RUN corepack enable pnpm
#30 CACHED

#31 [python-runner-builder 4/9] COPY packages/@n8n/task-runner-python/pyproject.toml      packages/@n8n/task-runner-python/uv.lock**      packages/@n8n/task-runner-python/.python-version**      ./
#31 CACHED

#32 [python-runner-builder 5/9] RUN uv venv
#32 CACHED

#33 [python-runner-builder 6/9] RUN uv sync 			--frozen 			--no-editable 			--no-install-project 			--no-dev 			--all-extras
#33 CACHED

#34 [runtime  9/12] COPY --from=javascript-runner-builder --chown=root:root /app/task-runner-javascript /opt/runners/task-runner-javascript
#34 CACHED

#35 [runtime  8/12] WORKDIR /home/runner
#35 CACHED

#36 [javascript-runner-builder 6/6] RUN rm -f node_modules/.modules.yaml &&     pnpm add moment@2.30.1 --prod --no-lockfile
#36 CACHED

#37 [runtime 12/12] COPY --chown=root:root docker/images/runners/n8n-task-runners.json /etc/n8n-task-runners.json
#37 CACHED

#38 [auth] sharing credentials for misnexusprd.corp.amdocs.com
#38 DONE 0.0s

#39 exporting to image
#39 exporting layers done
#39 exporting manifest sha256:6db23520bc61782d3503caaa28419f386fe812e10f5293ad6344a05caf3c3c9b 0.0s done
#39 exporting config sha256:fd031ec0842e98fe228f48252ab2a02212226471265a66004b0b65a20da4417c done
#39 naming to misnexusprd.corp.amdocs.com/n8n-hosted/runners:2.10.4 done
#39 pushing layers
#39 pushing layers 1.3s done
#39 pushing manifest for misnexusprd.corp.amdocs.com/n8n-hosted/runners:2.10.4@sha256:6db23520bc61782d3503caaa28419f386fe812e10f5293ad6344a05caf3c3c9b
#39 pushing manifest for misnexusprd.corp.amdocs.com/n8n-hosted/runners:2.10.4@sha256:6db23520bc61782d3503caaa28419f386fe812e10f5293ad6344a05caf3c3c9b 0.1s done
#39 DONE 1.5s


══════════════════════════════════════════════════════
           DOCKER BUILD COMPLETE
══════════════════════════════════════════════════════
✅ Image built: misnexusprd.corp.amdocs.com/n8n-hosted/n8n:2.10.4
   Platform: linux/amd64
   Size: 263MB
   Build time: 348s

✅ Image built: misnexusprd.corp.amdocs.com/n8n-hosted/runners:2.10.4
   Platform: linux/amd64
   Size: 120MB
   Build time: 6s

══════════════════════════════════════════════════════
