===== Docker Build for n8n & Runners =====
INFO: n8n Image: misnexusprd.corp.amdocs.com/n8n-hosted/n8n:2.10.4
INFO: Runners Image: misnexusprd.corp.amdocs.com/n8n-hosted/runners:2.10.4
INFO: Platform: linux/amd64
-----------------------------------------------
(node:89628) Warning: The 'NO_COLOR' env is ignored due to the 'FORCE_COLOR' env being set.
(Use `node --trace-warnings ...` to show where the warning was created)
INFO: Building n8n Docker image using docker...
INFO: Registry detected - pushing directly to misnexusprd.corp.amdocs.com/n8n-hosted/n8n:2.10.4
INFO: Forwarding proxy settings into build
#0 building with "desktop-linux" instance using docker driver

#1 [internal] load build definition from Dockerfile
#1 transferring dockerfile: 30B 0.0s
#1 transferring dockerfile: 988B 0.2s done
#1 DONE 0.2s

#2 [internal] load metadata for docker.io/n8nio/base:24.13.1
#2 ...

#3 [auth] n8nio/base:pull token for registry-1.docker.io
#3 DONE 0.0s

#2 [internal] load metadata for docker.io/n8nio/base:24.13.1
#2 DONE 1.5s

#4 [internal] load .dockerignore
#4 transferring context: 1.05kB 0.0s done
#4 DONE 0.0s

#5 [1/5] FROM docker.io/n8nio/base:24.13.1@sha256:cb1d285bb0cb651b2024f0efc8b1cd8705a56744980ab47b2c7866118ed77ee3
#5 resolve docker.io/n8nio/base:24.13.1@sha256:cb1d285bb0cb651b2024f0efc8b1cd8705a56744980ab47b2c7866118ed77ee3 done
#5 DONE 0.0s

#6 [internal] load build context
#6 transferring context: 9.00MB 5.1s
#6 transferring context: 17.07MB 10.3s
#6 transferring context: 29.27MB 15.3s
#6 transferring context: 29.90MB 16.4s done
#6 DONE 16.8s

#7 [2/5] WORKDIR /home/node
#7 CACHED

#8 [3/5] COPY ./compiled /usr/local/lib/node_modules/n8n
#8 CACHED

#9 [4/5] COPY docker/images/n8n/docker-entrypoint.sh /
#9 CACHED

#10 [5/5] RUN cd /usr/local/lib/node_modules/n8n &&     npm rebuild sqlite3 &&     ln -s /usr/local/lib/node_modules/n8n/bin/n8n /usr/local/bin/n8n &&     mkdir -p /home/node/.n8n &&     chown -R node:node /home/node &&     rm -rf /root/.npm /tmp/*
#10 CACHED

#11 exporting to image
#11 exporting layers done
#11 exporting manifest sha256:3be5079affa0aaa9f732aa4af4db0484879a7b4f2181ecc87cfae947e8d9a10e 0.1s done
#11 exporting config sha256:17872cad056151a80da065a0543d99ef4e28b2af96b992e0e4e91f32abaeff36 0.1s done
#11 naming to misnexusprd.corp.amdocs.com/n8n-hosted/n8n:2.10.4
#11 naming to misnexusprd.corp.amdocs.com/n8n-hosted/n8n:2.10.4 done
#11 pushing layers
#11 ...

#12 [auth] sharing credentials for misnexusprd.corp.amdocs.com
#12 DONE 0.0s

#11 exporting to image
#11 pushing layers 1.3s done
#11 pushing manifest for misnexusprd.corp.amdocs.com/n8n-hosted/n8n:2.10.4@sha256:3be5079affa0aaa9f732aa4af4db0484879a7b4f2181ecc87cfae947e8d9a10e
#11 pushing manifest for misnexusprd.corp.amdocs.com/n8n-hosted/n8n:2.10.4@sha256:3be5079affa0aaa9f732aa4af4db0484879a7b4f2181ecc87cfae947e8d9a10e 0.0s done
#11 DONE 1.6s

INFO: Building runners Docker image using docker...
INFO: Registry detected - pushing directly to misnexusprd.corp.amdocs.com/n8n-hosted/runners:2.10.4
INFO: Forwarding proxy settings into build
#0 building with "desktop-linux" instance using docker driver

#1 [internal] load build definition from Dockerfile
#1 transferring dockerfile: 7.03kB done
#1 DONE 0.0s

#2 [auth] library/alpine:pull token for registry-1.docker.io
#2 DONE 0.0s

#3 [auth] library/python:pull token for registry-1.docker.io
#3 DONE 0.0s

#4 [auth] library/node:pull token for registry-1.docker.io
#4 DONE 0.0s

#5 [internal] load metadata for docker.io/library/python:3.13-alpine
#5 DONE 1.0s

#6 [internal] load metadata for docker.io/library/alpine:3.22
#6 ...

#7 [internal] load metadata for docker.io/library/node:24.13.1-alpine
#7 DONE 1.2s

#6 [internal] load metadata for docker.io/library/alpine:3.22
#6 DONE 2.0s

#8 [internal] load .dockerignore
#8 transferring context: 1.05kB done
#8 DONE 0.0s

#9 [python-runner-builder 1/9] FROM docker.io/library/python:3.13-alpine@sha256:bb1f2fdb1065c85468775c9d680dcd344f6442a2d1181ef7916b60a623f11d40
#9 resolve docker.io/library/python:3.13-alpine@sha256:bb1f2fdb1065c85468775c9d680dcd344f6442a2d1181ef7916b60a623f11d40 0.0s done
#9 DONE 0.0s

#10 [launcher-downloader 1/2] FROM docker.io/library/alpine:3.22@sha256:55ae5d250caebc548793f321534bc6a8ef1d116f334f18f4ada1b2daad3251b2
#10 resolve docker.io/library/alpine:3.22@sha256:55ae5d250caebc548793f321534bc6a8ef1d116f334f18f4ada1b2daad3251b2 0.0s done
#10 DONE 0.0s

#11 [javascript-runner-builder 1/6] FROM docker.io/library/node:24.13.1-alpine@sha256:4f696fbf39f383c1e486030ba6b289a5d9af541642fc78ab197e584a113b9c03
#11 resolve docker.io/library/node:24.13.1-alpine@sha256:4f696fbf39f383c1e486030ba6b289a5d9af541642fc78ab197e584a113b9c03 0.0s done
#11 DONE 0.0s

#12 [internal] load build context
#12 transferring context: 9.12MB 5.2s
#12 transferring context: 20.49MB 10.2s
#12 transferring context: 34.54MB 15.4s
#12 transferring context: 62.16MB 20.4s
#12 transferring context: 75.35MB 25.5s
#12 transferring context: 103.80MB 30.5s
#12 transferring context: 121.10MB 34.9s done
#12 DONE 35.1s

#13 [python-runner-builder 4/9] COPY packages/@n8n/task-runner-python/pyproject.toml      packages/@n8n/task-runner-python/uv.lock**      packages/@n8n/task-runner-python/.python-version**      ./
#13 CACHED

#14 [runtime  2/12] COPY --from=python-runner-builder /usr/local/bin/uv /usr/local/bin/uv
#14 CACHED

#15 [runtime 11/12] COPY --from=launcher-downloader /launcher-bin/* /usr/local/bin/
#15 CACHED

#16 [python-runner-builder 5/9] RUN uv venv
#16 CACHED

#17 [python-runner-builder 8/9] RUN uv sync       --frozen 			--no-dev 			--all-extras       --no-editable
#17 CACHED

#18 [runtime  5/12] COPY --from=node-alpine /usr/local/lib/node_modules/corepack /usr/local/lib/node_modules/corepack
#18 CACHED

#19 [javascript-runner-builder 3/6] WORKDIR /app/task-runner-javascript
#19 CACHED

#20 [runtime  9/12] COPY --from=javascript-runner-builder --chown=root:root /app/task-runner-javascript /opt/runners/task-runner-javascript
#20 CACHED

#21 [python-runner-builder 7/9] COPY packages/@n8n/task-runner-python/ ./
#21 CACHED

#22 [runtime  3/12] COPY --from=node-alpine /usr/local/bin/node /usr/local/bin/node
#22 CACHED

#23 [runtime  4/12] RUN apk add --no-cache ca-certificates tini libstdc++ libc6-compat &&     apk del apk-tools
#23 CACHED

#24 [javascript-runner-builder 5/6] RUN node -e "const pkg = require('./package.json');     Object.keys(pkg.dependencies || {}).forEach(k => {         const val = pkg.dependencies[k];         if (val === 'catalog:' || val.startsWith('catalog:') || val.startsWith('workspace:'))             delete pkg.dependencies[k];     });     Object.keys(pkg.devDependencies || {}).forEach(k => {         const val = pkg.devDependencies[k];         if (val === 'catalog:' || val.startsWith('catalog:') || val.startsWith('workspace:'))             delete pkg.devDependencies[k];     });     delete pkg.devDependencies;     require('fs').writeFileSync('./package.json', JSON.stringify(pkg, null, 2));"
#24 CACHED

#25 [javascript-runner-builder 2/6] COPY ./dist/task-runner-javascript /app/task-runner-javascript
#25 CACHED

#26 [python-runner-builder 6/9] RUN uv sync 			--frozen 			--no-editable 			--no-install-project 			--no-dev 			--all-extras
#26 CACHED

#27 [python-runner-builder 9/9] RUN uv pip install . && rm -rf /app/task-runner-python/src
#27 CACHED

#28 [python-runner-builder 3/9] WORKDIR /app/task-runner-python
#28 CACHED

#29 [runtime  7/12] RUN addgroup -g 1000 -S runner  && adduser  -u 1000 -S -G runner -h /home/runner -D runner
#29 CACHED

#30 [javascript-runner-builder 4/6] RUN corepack enable pnpm
#30 CACHED

#31 [javascript-runner-builder 6/6] RUN rm -f node_modules/.modules.yaml &&     pnpm add moment@2.30.1 --prod --no-lockfile
#31 CACHED

#32 [runtime  6/12] RUN ln -s ../lib/node_modules/corepack/dist/corepack.js /usr/local/bin/corepack && 		ln -s ../lib/node_modules/corepack/dist/pnpm.js /usr/local/bin/pnpm
#32 CACHED

#33 [python-runner-builder 2/9] RUN apk add --no-cache curl &&   set -e;   case "linux/amd64" in     "linux/amd64") UV_ARCH="x86_64-unknown-linux-musl" ;;     "linux/arm64") UV_ARCH="aarch64-unknown-linux-musl" ;;     *) echo "Unsupported platform: linux/amd64" >&2; exit 1 ;;   esac;   mkdir -p /tmp/uv && cd /tmp/uv;   curl -fsSL -o "uv-${UV_ARCH}.tar.gz" "https://github.com/astral-sh/uv/releases/download/0.8.14/uv-${UV_ARCH}.tar.gz";   curl -fsSL -o "uv-${UV_ARCH}.tar.gz.sha256" "https://github.com/astral-sh/uv/releases/download/0.8.14/uv-${UV_ARCH}.tar.gz.sha256";   sha256sum -c "uv-${UV_ARCH}.tar.gz.sha256"; 	tar -xzf "uv-${UV_ARCH}.tar.gz";   install -m 0755 "uv-${UV_ARCH}/uv" /usr/local/bin/uv;   cd / && rm -rf /tmp/uv
#33 CACHED

#34 [launcher-downloader 2/2] RUN apk add --no-cache curl &&     set -e;     case "linux/amd64" in         "linux/amd64") ARCH_NAME="amd64" ;;         "linux/arm64") ARCH_NAME="arm64" ;;         *) echo "Unsupported platform: linux/amd64" && exit 1 ;;     esac;     mkdir /launcher-temp && cd /launcher-temp;     curl -fsSL -o "task-runner-launcher-1.4.3-linux-${ARCH_NAME}.tar.gz" "https://github.com/n8n-io/task-runner-launcher/releases/download/1.4.3/task-runner-launcher-1.4.3-linux-${ARCH_NAME}.tar.gz";     curl -fsSL -o "task-runner-launcher-1.4.3-linux-${ARCH_NAME}.tar.gz.sha256" "https://github.com/n8n-io/task-runner-launcher/releases/download/1.4.3/task-runner-launcher-1.4.3-linux-${ARCH_NAME}.tar.gz.sha256";     echo "$(cat task-runner-launcher-1.4.3-linux-${ARCH_NAME}.tar.gz.sha256) task-runner-launcher-1.4.3-linux-${ARCH_NAME}.tar.gz" > checksum.sha256;     sha256sum -c checksum.sha256;     mkdir -p /launcher-bin;     tar xzf task-runner-launcher-1.4.3-linux-${ARCH_NAME}.tar.gz -C /launcher-bin;     cd / && rm -rf /launcher-temp
#34 CACHED

#35 [runtime  8/12] WORKDIR /home/runner
#35 CACHED

#36 [runtime 10/12] COPY --from=python-runner-builder --chown=root:root /app/task-runner-python /opt/runners/task-runner-python
#36 CACHED

#37 [runtime 12/12] COPY --chown=root:root docker/images/runners/n8n-task-runners.json /etc/n8n-task-runners.json
#37 CACHED

#38 exporting to image
#38 exporting layers done
#38 exporting manifest sha256:81bb9590bcd5471fd18ecea20801fdeb440bd1285006ef9e58a677457d664072 0.0s done
#38 exporting config sha256:77c68f4ba5c80eed3903bd34b90c7c0f2e9f06920e249e83e693191d3b05c72b done
#38 naming to misnexusprd.corp.amdocs.com/n8n-hosted/runners:2.10.4 done
#38 pushing layers
#38 ...

#39 [auth] sharing credentials for misnexusprd.corp.amdocs.com
#39 DONE 0.0s

#38 exporting to image
#38 pushing layers 1.5s done
#38 pushing manifest for misnexusprd.corp.amdocs.com/n8n-hosted/runners:2.10.4@sha256:81bb9590bcd5471fd18ecea20801fdeb440bd1285006ef9e58a677457d664072
#38 pushing manifest for misnexusprd.corp.amdocs.com/n8n-hosted/runners:2.10.4@sha256:81bb9590bcd5471fd18ecea20801fdeb440bd1285006ef9e58a677457d664072 0.1s done
#38 DONE 1.6s


══════════════════════════════════════════════════════
           DOCKER BUILD COMPLETE
══════════════════════════════════════════════════════
✅ Image built: misnexusprd.corp.amdocs.com/n8n-hosted/n8n:2.10.4
   Platform: linux/amd64
   Size: 253MB
   Build time: 22s

✅ Image built: misnexusprd.corp.amdocs.com/n8n-hosted/runners:2.10.4
   Platform: linux/amd64
   Size: 120MB
   Build time: 39s

══════════════════════════════════════════════════════
